# JRE version: Java(TM) SE Runtime Environment (15.0.1+9) (build 15.0.1+9-18)
# Java VM: Java HotSpot(TM) 64-Bit Server VM (15.0.1+9-18, mixed mode, sharing, tiered, compressed oops, g1 gc, linux-amd64)
GC Precious Log:
 CPUs: 4 total, 4 available
 Memory: 15856M
 Large Page Support: Disabled
 NUMA Support: Disabled
 Compressed Oops: Enabled (Zero based)
 Heap Region Size: 2M
 Heap Min Capacity: 8M
 Heap Initial Capacity: 248M
 Heap Max Capacity: 3966M
 Pre-touch: Disabled
 Parallel Workers: 4
 Concurrent Workers: 1
 Concurrent Refinement Workers: 4
 Periodic GC: Disabled
Heap:
 garbage-first heap   total 382976K, used 173707K [0x0000000708200000, 0x0000000800000000)
  region size 2048K, 17 young (34816K), 8 survivors (16384K)
 Metaspace       used 144173K, capacity 156902K, committed 157104K, reserved 1185792K
  class space    used 16684K, capacity 20634K, committed 20736K, reserved 1048576K
GC Heap History (20 events):
Event: 245,370 GC heap before
{Heap before GC invocations=71 (full 0):
 garbage-first heap   total 382976K, used 321953K [0x0000000708200000, 0x0000000800000000)
  region size 2048K, 98 young (200704K), 4 survivors (8192K)
 Metaspace       used 108820K, capacity 119497K, committed 119856K, reserved 1153024K
  class space    used 12677K, capacity 15951K, committed 16000K, reserved 1048576K
}
Event: 245,378 GC heap after
{Heap after GC invocations=72 (full 0):
 garbage-first heap   total 382976K, used 132250K [0x0000000708200000, 0x0000000800000000)
  region size 2048K, 6 young (12288K), 6 survivors (12288K)
 Metaspace       used 108820K, capacity 119497K, committed 119856K, reserved 1153024K
  class space    used 12677K, capacity 15951K, committed 16000K, reserved 1048576K
}
Event: 353,243 GC heap before
{Heap before GC invocations=73 (full 0):
 garbage-first heap   total 382976K, used 316570K [0x0000000708200000, 0x0000000800000000)
  region size 2048K, 97 young (198656K), 6 survivors (12288K)
 Metaspace       used 111705K, capacity 122727K, committed 122800K, reserved 1155072K
  class space    used 13024K, capacity 16311K, committed 16384K, reserved 1048576K
}
Event: 353,253 GC heap after
{Heap after GC invocations=74 (full 0):
 garbage-first heap   total 382976K, used 127861K [0x0000000708200000, 0x0000000800000000)
  region size 2048K, 4 young (8192K), 4 survivors (8192K)
 Metaspace       used 111705K, capacity 122727K, committed 122800K, reserved 1155072K
  class space    used 13024K, capacity 16311K, committed 16384K, reserved 1048576K
}
Event: 377,239 GC heap before
{Heap before GC invocations=74 (full 0):
 garbage-first heap   total 382976K, used 316277K [0x0000000708200000, 0x0000000800000000)
  region size 2048K, 97 young (198656K), 4 survivors (8192K)
 Metaspace       used 126744K, capacity 138804K, committed 138928K, reserved 1169408K
  class space    used 14668K, capacity 18347K, committed 18432K, reserved 1048576K
}
Event: 377,257 GC heap after
{Heap after GC invocations=75 (full 0):
 garbage-first heap   total 382976K, used 134544K [0x0000000708200000, 0x0000000800000000)
  region size 2048K, 7 young (14336K), 7 survivors (14336K)
 Metaspace       used 126744K, capacity 138804K, committed 138928K, reserved 1169408K
  class space    used 14668K, capacity 18347K, committed 18432K, reserved 1048576K
}
Event: 415,287 GC heap before
{Heap before GC invocations=76 (full 0):
 garbage-first heap   total 382976K, used 222608K [0x0000000708200000, 0x0000000800000000)
  region size 2048K, 52 young (106496K), 7 survivors (14336K)
 Metaspace       used 131879K, capacity 144024K, committed 144304K, reserved 1175552K
  class space    used 15322K, capacity 19104K, committed 19200K, reserved 1048576K
}
Event: 415,306 GC heap after
{Heap after GC invocations=77 (full 0):
 garbage-first heap   total 382976K, used 139251K [0x0000000708200000, 0x0000000800000000)
  region size 2048K, 9 young (18432K), 9 survivors (18432K)
 Metaspace       used 131879K, capacity 144024K, committed 144304K, reserved 1175552K
  class space    used 15322K, capacity 19104K, committed 19200K, reserved 1048576K
}
Event: 415,736 GC heap before
{Heap before GC invocations=78 (full 0):
 garbage-first heap   total 382976K, used 165875K [0x0000000708200000, 0x0000000800000000)
  region size 2048K, 22 young (45056K), 9 survivors (18432K)
 Metaspace       used 132064K, capacity 144216K, committed 144304K, reserved 1175552K
  class space    used 15337K, capacity 19168K, committed 19200K, reserved 1048576K
}
Event: 415,751 GC heap after
{Heap after GC invocations=79 (full 0):
 garbage-first heap   total 382976K, used 141139K [0x0000000708200000, 0x0000000800000000)
  region size 2048K, 8 young (16384K), 8 survivors (16384K)
 Metaspace       used 132064K, capacity 144216K, committed 144304K, reserved 1175552K
  class space    used 15337K, capacity 19168K, committed 19200K, reserved 1048576K
}
Event: 416,210 GC heap before
{Heap before GC invocations=80 (full 0):
 garbage-first heap   total 382976K, used 315219K [0x0000000708200000, 0x0000000800000000)
  region size 2048K, 92 young (188416K), 8 survivors (16384K)
 Metaspace       used 132820K, capacity 145311K, committed 145456K, reserved 1175552K
  class space    used 15413K, capacity 19225K, committed 19328K, reserved 1048576K
}
Event: 416,231 GC heap after
{Heap after GC invocations=81 (full 0):
 garbage-first heap   total 382976K, used 148635K [0x0000000708200000, 0x0000000800000000)
  region size 2048K, 9 young (18432K), 9 survivors (18432K)
 Metaspace       used 132820K, capacity 145311K, committed 145456K, reserved 1175552K
  class space    used 15413K, capacity 19225K, committed 19328K, reserved 1048576K
}
Event: 523,573 GC heap before
{Heap before GC invocations=81 (full 0):
 garbage-first heap   total 382976K, used 314523K [0x0000000708200000, 0x0000000800000000)
  region size 2048K, 90 young (184320K), 9 survivors (18432K)
 Metaspace       used 140130K, capacity 152774K, committed 153008K, reserved 1181696K
  class space    used 16433K, capacity 20362K, committed 20480K, reserved 1048576K
}
Event: 523,589 GC heap after
{Heap after GC invocations=82 (full 0):
 garbage-first heap   total 382976K, used 154020K [0x0000000708200000, 0x0000000800000000)
  region size 2048K, 9 young (18432K), 9 survivors (18432K)
 Metaspace       used 140130K, capacity 152774K, committed 153008K, reserved 1181696K
  class space    used 16433K, capacity 20362K, committed 20480K, reserved 1048576K
}
Event: 533,880 GC heap before
{Heap before GC invocations=83 (full 0):
 garbage-first heap   total 382976K, used 313764K [0x0000000708200000, 0x0000000800000000)
  region size 2048K, 88 young (180224K), 9 survivors (18432K)
 Metaspace       used 141944K, capacity 154619K, committed 154928K, reserved 1183744K
  class space    used 16566K, capacity 20502K, committed 20608K, reserved 1048576K
}
Event: 533,895 GC heap after
{Heap after GC invocations=84 (full 0):
 garbage-first heap   total 382976K, used 158462K [0x0000000708200000, 0x0000000800000000)
  region size 2048K, 7 young (14336K), 7 survivors (14336K)
 Metaspace       used 141944K, capacity 154619K, committed 154928K, reserved 1183744K
  class space    used 16566K, capacity 20502K, committed 20608K, reserved 1048576K
}
Event: 537,126 GC heap before
{Heap before GC invocations=84 (full 0):
 garbage-first heap   total 382976K, used 162558K [0x0000000708200000, 0x0000000800000000)
  region size 2048K, 9 young (18432K), 7 survivors (14336K)
 Metaspace       used 141984K, capacity 154689K, committed 154928K, reserved 1183744K
  class space    used 16566K, capacity 20503K, committed 20608K, reserved 1048576K
}
Event: 537,153 GC heap after
{Heap after GC invocations=85 (full 0):
 garbage-first heap   total 382976K, used 143773K [0x0000000708200000, 0x0000000800000000)
  region size 2048K, 1 young (2048K), 1 survivors (2048K)
 Metaspace       used 141984K, capacity 154689K, committed 154928K, reserved 1183744K
  class space    used 16566K, capacity 20503K, committed 20608K, reserved 1048576K
}
Event: 565,024 GC heap before
{Heap before GC invocations=85 (full 0):
 garbage-first heap   total 382976K, used 311709K [0x0000000708200000, 0x0000000800000000)
  region size 2048K, 83 young (169984K), 1 survivors (2048K)
 Metaspace       used 144029K, capacity 156663K, committed 156720K, reserved 1185792K
  class space    used 16677K, capacity 20599K, committed 20608K, reserved 1048576K
}
Event: 565,052 GC heap after
{Heap after GC invocations=86 (full 0):
 garbage-first heap   total 382976K, used 157323K [0x0000000708200000, 0x0000000800000000)
  region size 2048K, 8 young (16384K), 8 survivors (16384K)
 Metaspace       used 144029K, capacity 156663K, committed 156720K, reserved 1185792K
  class space    used 16677K, capacity 20599K, committed 20608K, reserved 1048576K
}

